<?xml version="1.0" encoding="UTF-8"?>
<!-- Generated by org.testng.reporters.JUnitXMLReporter -->
<testsuite ignored="2" hostname="DESKTOP-VD4OOGI" failures="1" tests="8" name="Test" time="18.838" errors="0" timestamp="2023-08-10T10:30:18 IST">
  <testcase classname="com_scm_Practice_TESTNG.Project_Integration_Retailer_Test" name="Retailer_NewOrder" time="1.157">
    <skipped/>
  </testcase> <!-- Retailer_NewOrder -->
  <testcase classname="com_scm_Practice_TESTNG.Project_Integration_Retailer_Test" name="Retailer_NewOrder" time="0.124">
    <skipped/>
  </testcase> <!-- Retailer_NewOrder -->
  <testcase classname="com_scm_Practice_TESTNG.Project_Integration_Retailer_Test" name="Retailer_NewOrder" time="2.582"/>
  <testcase classname="com_scm_Practice_TESTNG.Project_Integration_Retailer_Test" name="manufaturer" time="0.62">
    <skipped/>
  </testcase> <!-- manufaturer -->
  <testcase classname="com_scm_Practice_TESTNG.Project_Integration_Retailer_Test" name="manufaturer" time="0.579">
    <skipped/>
  </testcase> <!-- manufaturer -->
  <testcase classname="com_scm_Practice_TESTNG.Project_Integration_Retailer_Test" name="manufaturer" time="0.527">
    <skipped/>
  </testcase> <!-- manufaturer -->
  <testcase classname="com_scm_Practice_TESTNG.Project_Integration_Retailer_Test" name="manufaturer" time="0.55">
    <failure type="java.lang.AssertionError" message="null">
      <![CDATA[java.lang.AssertionError: null
at com_scm_Practice_TESTNG.Project_Integration_Retailer_Test.manufaturer(Project_Integration_Retailer_Test.java:50)
at java.base/java.util.ArrayList.forEach(ArrayList.java:1541)
at java.base/java.util.concurrent.FutureTask.run(FutureTask.java:264)
at java.base/java.util.concurrent.ThreadPoolExecutor.runWorker(ThreadPoolExecutor.java:1128)
at java.base/java.util.concurrent.ThreadPoolExecutor$Worker.run(ThreadPoolExecutor.java:628)
at java.base/java.lang.Thread.run(Thread.java:834)
... Removed 20 stack frames]]>
    </failure>
  </testcase> <!-- manufaturer -->
  <testcase classname="com_scm_Practice_TESTNG.Project_integration_manuf_manageStock_Test" name="manuf_manageStock" time="3.215"/>
  <testcase classname="com.crm.GenericUtility.BaseClass_TESTNG" name="@AfterSuite Config_AS" time="0.0">
    <ignored/>
  </testcase> <!-- @AfterSuite Config_AS -->
  <testcase classname="com.crm.GenericUtility.BaseClass_TESTNG" name="@BeforeSuite Config_BS" time="0.0">
    <ignored/>
  </testcase> <!-- @BeforeSuite Config_BS -->
</testsuite> <!-- Test -->
