<?xml version="1.0" encoding="UTF-8"?>
<testng-results ignored="0" total="1" passed="0" failed="1" skipped="0">
  <reporter-output>
    <line>
      <![CDATA[RetilerNewOrder Test Execution started]]>
    </line>
    <line>
      <![CDATA[RetilerNewOrder----->TestScript Failed]]>
    </line>
  </reporter-output>
  <suite started-at="2023-08-10T13:26:36 IST" name="Default suite" finished-at="2023-08-10T13:26:44 IST" duration-ms="7760">
    <groups>
    </groups>
    <test started-at="2023-08-10T13:26:36 IST" name="Default test" finished-at="2023-08-10T13:26:44 IST" duration-ms="7760">
      <class name="com_scm_Practice_TESTNG.Project_System_Retiler_Order">
        <test-method is-config="true" signature="Config_BS()[pri:0, instance:com_scm_Practice_TESTNG.Project_System_Retiler_Order@741a8937]" started-at="2023-08-10T13:26:36 IST" name="Config_BS" finished-at="2023-08-10T13:26:36 IST" duration-ms="189" status="PASS">
          <reporter-output>
          </reporter-output>
        </test-method> <!-- Config_BS -->
        <test-method is-config="true" signature="config_BC()[pri:0, instance:com_scm_Practice_TESTNG.Project_System_Retiler_Order@741a8937]" started-at="2023-08-10T13:26:36 IST" name="config_BC" finished-at="2023-08-10T13:26:40 IST" duration-ms="3420" status="PASS">
          <reporter-output>
          </reporter-output>
        </test-method> <!-- config_BC -->
        <test-method is-config="true" signature="cofig_BM()[pri:0, instance:com_scm_Practice_TESTNG.Project_System_Retiler_Order@741a8937]" started-at="2023-08-10T13:26:40 IST" name="cofig_BM" finished-at="2023-08-10T13:26:40 IST" duration-ms="0" status="PASS">
          <reporter-output>
          </reporter-output>
        </test-method> <!-- cofig_BM -->
        <test-method signature="RetilerNewOrder()[pri:0, instance:com_scm_Practice_TESTNG.Project_System_Retiler_Order@741a8937]" started-at="2023-08-10T13:26:40 IST" name="RetilerNewOrder" finished-at="2023-08-10T13:26:43 IST" duration-ms="3009" status="FAIL">
          <exception class="java.lang.AssertionError">
            <message>
              <![CDATA[null]]>
            </message>
            <full-stacktrace>
              <![CDATA[java.lang.AssertionError: null
at org.testng.Assert.fail(Assert.java:99)
at org.testng.Assert.fail(Assert.java:106)
at com_scm_Practice_TESTNG.Project_System_Retiler_Order.RetilerNewOrder(Project_System_Retiler_Order.java:32)
at java.base/jdk.internal.reflect.NativeMethodAccessorImpl.invoke0(Native Method)
at java.base/jdk.internal.reflect.NativeMethodAccessorImpl.invoke(NativeMethodAccessorImpl.java:62)
at java.base/jdk.internal.reflect.DelegatingMethodAccessorImpl.invoke(DelegatingMethodAccessorImpl.java:43)
at java.base/java.lang.reflect.Method.invoke(Method.java:566)
at org.testng.internal.MethodInvocationHelper.invokeMethod(MethodInvocationHelper.java:133)
at org.testng.internal.TestInvoker.invokeMethod(TestInvoker.java:598)
at org.testng.internal.TestInvoker.invokeTestMethod(TestInvoker.java:173)
at org.testng.internal.MethodRunner.runInSequence(MethodRunner.java:46)
at org.testng.internal.TestInvoker$MethodInvocationAgent.invoke(TestInvoker.java:824)
at org.testng.internal.TestInvoker.invokeTestMethods(TestInvoker.java:146)
at org.testng.internal.TestMethodWorker.invokeTestMethods(TestMethodWorker.java:146)
at org.testng.internal.TestMethodWorker.run(TestMethodWorker.java:128)
at java.base/java.util.ArrayList.forEach(ArrayList.java:1541)
at org.testng.TestRunner.privateRun(TestRunner.java:794)
at org.testng.TestRunner.run(TestRunner.java:596)
at org.testng.SuiteRunner.runTest(SuiteRunner.java:377)
at org.testng.SuiteRunner.runSequentially(SuiteRunner.java:371)
at org.testng.SuiteRunner.privateRun(SuiteRunner.java:332)
at org.testng.SuiteRunner.run(SuiteRunner.java:276)
at org.testng.SuiteRunnerWorker.runSuite(SuiteRunnerWorker.java:53)
at org.testng.SuiteRunnerWorker.run(SuiteRunnerWorker.java:96)
at org.testng.TestNG.runSuitesSequentially(TestNG.java:1212)
at org.testng.TestNG.runSuitesLocally(TestNG.java:1134)
at org.testng.TestNG.runSuites(TestNG.java:1063)
at org.testng.TestNG.run(TestNG.java:1031)
at org.testng.remote.AbstractRemoteTestNG.run(AbstractRemoteTestNG.java:115)
at org.testng.remote.RemoteTestNG.initAndRun(RemoteTestNG.java:251)
at org.testng.remote.RemoteTestNG.main(RemoteTestNG.java:77)
]]>
            </full-stacktrace>
          </exception> <!-- java.lang.AssertionError -->
          <reporter-output>
            <line>
              <![CDATA[RetilerNewOrder Test Execution started]]>
            </line>
            <line>
              <![CDATA[RetilerNewOrder----->TestScript Failed]]>
            </line>
          </reporter-output>
        </test-method> <!-- RetilerNewOrder -->
        <test-method is-config="true" signature="Config_AM()[pri:0, instance:com_scm_Practice_TESTNG.Project_System_Retiler_Order@741a8937]" started-at="2023-08-10T13:26:43 IST" name="Config_AM" finished-at="2023-08-10T13:26:43 IST" duration-ms="2" status="PASS">
          <reporter-output>
          </reporter-output>
        </test-method> <!-- Config_AM -->
        <test-method is-config="true" signature="Config_AC()[pri:0, instance:com_scm_Practice_TESTNG.Project_System_Retiler_Order@741a8937]" started-at="2023-08-10T13:26:43 IST" name="Config_AC" finished-at="2023-08-10T13:26:44 IST" duration-ms="937" status="PASS">
          <reporter-output>
          </reporter-output>
        </test-method> <!-- Config_AC -->
        <test-method is-config="true" signature="Config_AS()[pri:0, instance:com_scm_Practice_TESTNG.Project_System_Retiler_Order@741a8937]" started-at="2023-08-10T13:26:44 IST" name="Config_AS" finished-at="2023-08-10T13:26:44 IST" duration-ms="5" status="PASS">
          <reporter-output>
          </reporter-output>
        </test-method> <!-- Config_AS -->
      </class> <!-- com_scm_Practice_TESTNG.Project_System_Retiler_Order -->
    </test> <!-- Default test -->
  </suite> <!-- Default suite -->
</testng-results>
